This file contains any messages produced by compilers while
running configure, to aid debugging if configure makes a mistake.

It was created by RISC-V Proxy Kernel configure ?, which was
generated by GNU Autoconf 2.69.  Invocation command line was

  $ ../configure --prefix=/home/neutrino/tools --host=riscv64-unknown-linux-gnu -with-payload=/home/neutrino/Desktop/vmlinux

## --------- ##
## Platform. ##
## --------- ##

hostname = neutrino
uname -m = x86_64
uname -r = 4.15.0-46-generic
uname -s = Linux
uname -v = #49~16.04.1-Ubuntu SMP Tue Feb 12 17:45:24 UTC 2019

/usr/bin/uname -p = unknown
/bin/uname -X     = unknown

/bin/arch              = unknown
/usr/bin/arch -k       = unknown
/usr/convex/getsysinfo = unknown
/usr/bin/hostinfo      = unknown
/bin/machine           = unknown
/usr/bin/oslevel       = unknown
/bin/universe          = unknown

PATH: /home/neutrino/bin
PATH: /home/neutrino/.local/bin
PATH: /home/neutrino/tools/bin
PATH: /usr/local/sbin
PATH: /usr/local/bin
PATH: /usr/sbin
PATH: /usr/bin
PATH: /sbin
PATH: /bin
PATH: /usr/games
PATH: /usr/local/games
PATH: /snap/bin


## ----------- ##
## Core tests. ##
## ----------- ##

configure:1974: checking build system type
configure:1988: result: x86_64-pc-linux-gnu
configure:2008: checking host system type
configure:2021: result: riscv64-unknown-linux-gnu
configure:2054: checking for riscv64-unknown-linux-gnu-gcc
configure:2070: found /home/neutrino/tools/bin/riscv64-unknown-linux-gnu-gcc
configure:2081: result: riscv64-unknown-linux-gnu-gcc
configure:2350: checking for C compiler version
configure:2359: riscv64-unknown-linux-gnu-gcc --version >&5
riscv64-unknown-linux-gnu-gcc (GCC) 8.2.0
Copyright (C) 2018 Free Software Foundation, Inc.
This is free software; see the source for copying conditions.  There is NO
warranty; not even for MERCHANTABILITY or FITNESS FOR A PARTICULAR PURPOSE.

configure:2370: $? = 0
configure:2359: riscv64-unknown-linux-gnu-gcc -v >&5
Using built-in specs.
COLLECT_GCC=riscv64-unknown-linux-gnu-gcc
COLLECT_LTO_WRAPPER=/home/neutrino/tools/libexec/gcc/riscv64-unknown-linux-gnu/8.2.0/lto-wrapper
Target: riscv64-unknown-linux-gnu
Configured with: /home/neutrino/Desktop/riscv-gnu-toolchain/riscv-gcc/configure --target=riscv64-unknown-linux-gnu --prefix=/home/neutrino/tools --with-sysroot=/home/neutrino/tools/sysroot --with-system-zlib --enable-shared --enable-tls --enable-languages=c,c++,fortran --disable-libmudflap --disable-libssp --disable-libquadmath --disable-nls --disable-bootstrap --src=.././riscv-gcc --enable-checking=yes --disable-multilib --with-abi=lp64d --with-arch=rv64g 'CFLAGS_FOR_TARGET=-O2  -mcmodel=medlow' 'CXXFLAGS_FOR_TARGET=-O2  -mcmodel=medlow'
Thread model: posix
gcc version 8.2.0 (GCC) 
configure:2370: $? = 0
configure:2359: riscv64-unknown-linux-gnu-gcc -V >&5
riscv64-unknown-linux-gnu-gcc: error: unrecognized command line option '-V'
riscv64-unknown-linux-gnu-gcc: fatal error: no input files
compilation terminated.
configure:2370: $? = 1
configure:2359: riscv64-unknown-linux-gnu-gcc -qversion >&5
riscv64-unknown-linux-gnu-gcc: error: unrecognized command line option '-qversion'; did you mean '--version'?
riscv64-unknown-linux-gnu-gcc: fatal error: no input files
compilation terminated.
configure:2370: $? = 1
configure:2390: checking whether the C compiler works
configure:2412: riscv64-unknown-linux-gnu-gcc    conftest.c  >&5
configure:2416: $? = 0
configure:2464: result: yes
configure:2467: checking for C compiler default output file name
configure:2469: result: a.out
configure:2475: checking for suffix of executables
configure:2482: riscv64-unknown-linux-gnu-gcc -o conftest    conftest.c  >&5
configure:2486: $? = 0
configure:2508: result: 
configure:2530: checking whether we are cross compiling
configure:2538: riscv64-unknown-linux-gnu-gcc -o conftest    conftest.c  >&5
configure:2542: $? = 0
configure:2549: ./conftest
../configure: line 2551: ./conftest: cannot execute binary file: Exec format error
configure:2553: $? = 126
configure:2568: result: yes
configure:2573: checking for suffix of object files
configure:2595: riscv64-unknown-linux-gnu-gcc -c   conftest.c >&5
configure:2599: $? = 0
configure:2620: result: o
configure:2624: checking whether we are using the GNU C compiler
configure:2643: riscv64-unknown-linux-gnu-gcc -c   conftest.c >&5
configure:2643: $? = 0
configure:2652: result: yes
configure:2661: checking whether riscv64-unknown-linux-gnu-gcc accepts -g
configure:2681: riscv64-unknown-linux-gnu-gcc -c -g  conftest.c >&5
configure:2681: $? = 0
configure:2722: result: yes
configure:2739: checking for riscv64-unknown-linux-gnu-gcc option to accept ISO C89
configure:2802: riscv64-unknown-linux-gnu-gcc  -c -g -O2  conftest.c >&5
configure:2802: $? = 0
configure:2815: result: none needed
configure:2849: checking for riscv64-unknown-linux-gnu-g++
configure:2865: found /home/neutrino/tools/bin/riscv64-unknown-linux-gnu-g++
configure:2876: result: riscv64-unknown-linux-gnu-g++
configure:2947: checking for C++ compiler version
configure:2956: riscv64-unknown-linux-gnu-g++ --version >&5
riscv64-unknown-linux-gnu-g++ (GCC) 8.2.0
Copyright (C) 2018 Free Software Foundation, Inc.
This is free software; see the source for copying conditions.  There is NO
warranty; not even for MERCHANTABILITY or FITNESS FOR A PARTICULAR PURPOSE.

configure:2967: $? = 0
configure:2956: riscv64-unknown-linux-gnu-g++ -v >&5
Using built-in specs.
COLLECT_GCC=riscv64-unknown-linux-gnu-g++
COLLECT_LTO_WRAPPER=/home/neutrino/tools/libexec/gcc/riscv64-unknown-linux-gnu/8.2.0/lto-wrapper
Target: riscv64-unknown-linux-gnu
Configured with: /home/neutrino/Desktop/riscv-gnu-toolchain/riscv-gcc/configure --target=riscv64-unknown-linux-gnu --prefix=/home/neutrino/tools --with-sysroot=/home/neutrino/tools/sysroot --with-system-zlib --enable-shared --enable-tls --enable-languages=c,c++,fortran --disable-libmudflap --disable-libssp --disable-libquadmath --disable-nls --disable-bootstrap --src=.././riscv-gcc --enable-checking=yes --disable-multilib --with-abi=lp64d --with-arch=rv64g 'CFLAGS_FOR_TARGET=-O2  -mcmodel=medlow' 'CXXFLAGS_FOR_TARGET=-O2  -mcmodel=medlow'
Thread model: posix
gcc version 8.2.0 (GCC) 
configure:2967: $? = 0
configure:2956: riscv64-unknown-linux-gnu-g++ -V >&5
riscv64-unknown-linux-gnu-g++: error: unrecognized command line option '-V'
riscv64-unknown-linux-gnu-g++: fatal error: no input files
compilation terminated.
configure:2967: $? = 1
configure:2956: riscv64-unknown-linux-gnu-g++ -qversion >&5
riscv64-unknown-linux-gnu-g++: error: unrecognized command line option '-qversion'; did you mean '--version'?
riscv64-unknown-linux-gnu-g++: fatal error: no input files
compilation terminated.
configure:2967: $? = 1
configure:2971: checking whether we are using the GNU C++ compiler
configure:2990: riscv64-unknown-linux-gnu-g++ -c   conftest.cpp >&5
configure:2990: $? = 0
configure:2999: result: yes
configure:3008: checking whether riscv64-unknown-linux-gnu-g++ accepts -g
configure:3028: riscv64-unknown-linux-gnu-g++ -c -g  conftest.cpp >&5
configure:3028: $? = 0
configure:3069: result: yes
configure:3095: checking for riscv64-unknown-linux-gnu-ar
configure:3111: found /home/neutrino/tools/bin/riscv64-unknown-linux-gnu-ar
configure:3122: result: riscv64-unknown-linux-gnu-ar
configure:3187: checking for riscv64-unknown-linux-gnu-ranlib
configure:3203: found /home/neutrino/tools/bin/riscv64-unknown-linux-gnu-ranlib
configure:3214: result: riscv64-unknown-linux-gnu-ranlib
configure:3279: checking for riscv64-unknown-linux-gnu-readelf
configure:3295: found /home/neutrino/tools/bin/riscv64-unknown-linux-gnu-readelf
configure:3306: result: riscv64-unknown-linux-gnu-readelf
configure:3371: checking for riscv64-unknown-linux-gnu-objcopy
configure:3387: found /home/neutrino/tools/bin/riscv64-unknown-linux-gnu-objcopy
configure:3398: result: riscv64-unknown-linux-gnu-objcopy
configure:3482: checking for a BSD-compatible install
configure:3550: result: /usr/bin/install -c
configure:3691: checking how to run the C preprocessor
configure:3722: riscv64-unknown-linux-gnu-gcc -E  conftest.c
configure:3722: $? = 0
configure:3736: riscv64-unknown-linux-gnu-gcc -E  conftest.c
conftest.c:9:10: fatal error: ac_nonexistent.h: No such file or directory
 #include <ac_nonexistent.h>
          ^~~~~~~~~~~~~~~~~~
compilation terminated.
configure:3736: $? = 1
configure: failed program was:
| /* confdefs.h */
| #define PACKAGE_NAME "RISC-V Proxy Kernel"
| #define PACKAGE_TARNAME "riscv-pk"
| #define PACKAGE_VERSION "?"
| #define PACKAGE_STRING "RISC-V Proxy Kernel ?"
| #define PACKAGE_BUGREPORT "Andrew Waterman"
| #define PACKAGE_URL ""
| /* end confdefs.h.  */
| #include <ac_nonexistent.h>
configure:3761: result: riscv64-unknown-linux-gnu-gcc -E
configure:3781: riscv64-unknown-linux-gnu-gcc -E  conftest.c
configure:3781: $? = 0
configure:3795: riscv64-unknown-linux-gnu-gcc -E  conftest.c
conftest.c:9:10: fatal error: ac_nonexistent.h: No such file or directory
 #include <ac_nonexistent.h>
          ^~~~~~~~~~~~~~~~~~
compilation terminated.
configure:3795: $? = 1
configure: failed program was:
| /* confdefs.h */
| #define PACKAGE_NAME "RISC-V Proxy Kernel"
| #define PACKAGE_TARNAME "riscv-pk"
| #define PACKAGE_VERSION "?"
| #define PACKAGE_STRING "RISC-V Proxy Kernel ?"
| #define PACKAGE_BUGREPORT "Andrew Waterman"
| #define PACKAGE_URL ""
| /* end confdefs.h.  */
| #include <ac_nonexistent.h>
configure:3824: checking for grep that handles long lines and -e
configure:3882: result: /bin/grep
configure:3887: checking for egrep
configure:3949: result: /bin/grep -E
configure:3954: checking for ANSI C header files
configure:3974: riscv64-unknown-linux-gnu-gcc -c -g -O2  conftest.c >&5
configure:3974: $? = 0
configure:4058: result: yes
configure:4160: configuring default subproject : pk
configure:4219: configuring default subproject : bbl
configure:4325: configuring default subproject : softfloat
configure:4370: configuring default subproject : dummy_payload
configure:4415: configuring default subproject : machine
configure:4474: configuring default subproject : util
configure:4628: creating ./config.status

## ---------------------- ##
## Running config.status. ##
## ---------------------- ##

This file was extended by RISC-V Proxy Kernel config.status ?, which was
generated by GNU Autoconf 2.69.  Invocation command line was

  CONFIG_FILES    = 
  CONFIG_HEADERS  = 
  CONFIG_LINKS    = 
  CONFIG_COMMANDS = 
  $ ./config.status 

on neutrino

config.status:834: creating pk.mk
config.status:834: creating bbl.mk
config.status:834: creating softfloat.mk
config.status:834: creating dummy_payload.mk
config.status:834: creating machine.mk
config.status:834: creating util.mk
config.status:834: creating Makefile
config.status:834: creating config.h

## ---------------- ##
## Cache variables. ##
## ---------------- ##

ac_cv_build=x86_64-pc-linux-gnu
ac_cv_c_compiler_gnu=yes
ac_cv_cxx_compiler_gnu=yes
ac_cv_env_CCC_set=
ac_cv_env_CCC_value=
ac_cv_env_CC_set=
ac_cv_env_CC_value=
ac_cv_env_CFLAGS_set=
ac_cv_env_CFLAGS_value=
ac_cv_env_CPPFLAGS_set=
ac_cv_env_CPPFLAGS_value=
ac_cv_env_CPP_set=
ac_cv_env_CPP_value=
ac_cv_env_CXXFLAGS_set=
ac_cv_env_CXXFLAGS_value=
ac_cv_env_CXX_set=
ac_cv_env_CXX_value=
ac_cv_env_LDFLAGS_set=
ac_cv_env_LDFLAGS_value=
ac_cv_env_LIBS_set=
ac_cv_env_LIBS_value=
ac_cv_env_RISCV_set=set
ac_cv_env_RISCV_value=/home/neutrino/tools
ac_cv_env_STOW_PREFIX_set=
ac_cv_env_STOW_PREFIX_value=
ac_cv_env_STOW_ROOT_set=
ac_cv_env_STOW_ROOT_value=
ac_cv_env_build_alias_set=
ac_cv_env_build_alias_value=
ac_cv_env_host_alias_set=set
ac_cv_env_host_alias_value=riscv64-unknown-linux-gnu
ac_cv_env_target_alias_set=
ac_cv_env_target_alias_value=
ac_cv_header_stdc=yes
ac_cv_host=riscv64-unknown-linux-gnu
ac_cv_objext=o
ac_cv_path_EGREP='/bin/grep -E'
ac_cv_path_GREP=/bin/grep
ac_cv_path_install='/usr/bin/install -c'
ac_cv_prog_AR=riscv64-unknown-linux-gnu-ar
ac_cv_prog_CC=riscv64-unknown-linux-gnu-gcc
ac_cv_prog_CPP='riscv64-unknown-linux-gnu-gcc -E'
ac_cv_prog_CXX=riscv64-unknown-linux-gnu-g++
ac_cv_prog_OBJCOPY=riscv64-unknown-linux-gnu-objcopy
ac_cv_prog_RANLIB=riscv64-unknown-linux-gnu-ranlib
ac_cv_prog_READELF=riscv64-unknown-linux-gnu-readelf
ac_cv_prog_cc_c89=
ac_cv_prog_cc_g=yes
ac_cv_prog_cxx_g=yes

## ----------------- ##
## Output variables. ##
## ----------------- ##

AR='riscv64-unknown-linux-gnu-ar'
BBL_ENABLE_LOGO=''
BBL_LOGO_FILE='riscv_logo.txt'
BBL_PAYLOAD='/home/neutrino/Desktop/vmlinux'
CC='riscv64-unknown-linux-gnu-gcc'
CFLAGS='-Wall -Werror -D__NO_INLINE__ -mcmodel=medany -O2 -std=gnu99 -Wno-unused -Wno-attributes -fno-delete-null-pointer-checks -fno-PIE'
CPP='riscv64-unknown-linux-gnu-gcc -E'
CPPFLAGS=''
CXX='riscv64-unknown-linux-gnu-g++'
CXXFLAGS='-g -O2'
DEFS='-DHAVE_CONFIG_H'
ECHO_C=''
ECHO_N='-n'
ECHO_T=''
EGREP='/bin/grep -E'
EXEEXT=''
GREP='/bin/grep'
INSTALL_DATA='${INSTALL} -m 644'
INSTALL_PROGRAM='${INSTALL}'
INSTALL_SCRIPT='${INSTALL}'
LDFLAGS=' -Wl,--build-id=none'
LIBOBJS=''
LIBS='-lgcc'
LTLIBOBJS=''
OBJCOPY='riscv64-unknown-linux-gnu-objcopy'
OBJEXT='o'
PACKAGE_BUGREPORT='Andrew Waterman'
PACKAGE_NAME='RISC-V Proxy Kernel'
PACKAGE_STRING='RISC-V Proxy Kernel ?'
PACKAGE_TARNAME='riscv-pk'
PACKAGE_URL=''
PACKAGE_VERSION='?'
PATH_SEPARATOR=':'
RANLIB='riscv64-unknown-linux-gnu-ranlib'
READELF='riscv64-unknown-linux-gnu-readelf'
RISCV='/home/neutrino/tools'
SHELL='/bin/sh'
STOW_PREFIX=''
STOW_ROOT=''
WITH_ARCH=''
ac_ct_CC=''
ac_ct_CXX=''
bindir='${exec_prefix}/bin'
build='x86_64-pc-linux-gnu'
build_alias=''
build_cpu='x86_64'
build_os='linux-gnu'
build_vendor='pc'
datadir='${datarootdir}'
datarootdir='${prefix}/share'
docdir='${datarootdir}/doc/${PACKAGE_TARNAME}'
dvidir='${docdir}'
enable_stow='no'
exec_prefix='${prefix}'
host='riscv64-unknown-linux-gnu'
host_alias='riscv64-unknown-linux-gnu'
host_cpu='riscv64'
host_os='linux-gnu'
host_vendor='unknown'
htmldir='${docdir}'
includedir='${prefix}/include'
infodir='${datarootdir}/info'
libdir='${exec_prefix}/lib'
libexecdir='${exec_prefix}/libexec'
localedir='${datarootdir}/locale'
localstatedir='${prefix}/var'
mandir='${datarootdir}/man'
oldincludedir='/usr/include'
pdfdir='${docdir}'
prefix='/home/neutrino/tools'
program_transform_name='s,x,x,'
psdir='${docdir}'
runstatedir='${localstatedir}/run'
sbindir='${exec_prefix}/sbin'
sharedstatedir='${prefix}/com'
stow=''
subprojects=' pk bbl softfloat dummy_payload machine util'
subprojects_enabled=' pk bbl softfloat dummy_payload machine util'
sysconfdir='${prefix}/etc'
target_alias=''

## ----------- ##
## confdefs.h. ##
## ----------- ##

/* confdefs.h */
#define PACKAGE_NAME "RISC-V Proxy Kernel"
#define PACKAGE_TARNAME "riscv-pk"
#define PACKAGE_VERSION "?"
#define PACKAGE_STRING "RISC-V Proxy Kernel ?"
#define PACKAGE_BUGREPORT "Andrew Waterman"
#define PACKAGE_URL ""
#define STDC_HEADERS 1
#define PK_ENABLED /**/
#define PK_ENABLE_VM /**/
#define BBL_ENABLED /**/
#define RELAXED_ALIGNMENT 0
#define SOFTFLOAT_ENABLED /**/
#define DUMMY_PAYLOAD_ENABLED /**/
#define MACHINE_ENABLED /**/
#define PK_ENABLE_FP_EMULATION /**/
#define UTIL_ENABLED /**/

configure: exit 0
